<?xml version="1.0" encoding="UTF-8"?>
<!-- Generated by org.testng.reporters.JUnitReportReporter -->
<testsuite hostname="Ashfaq" failures="0" tests="1" name="AshpakShaikh_Automation.tests.SubmitOrderTest" time="10.347" errors="0" timestamp="2025-07-14T19:15:16 IST" skipped="0">
  <testcase classname="AshpakShaikh_Automation.tests.SubmitOrderTest" name="submitOrder" time="10.347"/>
</testsuite> <!-- AshpakShaikh_Automation.tests.SubmitOrderTest -->
