<?xml version="1.0" encoding="UTF-8"?>
<!-- Generated by org.testng.reporters.JUnitReportReporter -->
<testsuite hostname="Ashfaq" failures="0" tests="2" name="AshpakShaikh_Automation.tests.ErrorValidationTest" time="6.498" errors="0" timestamp="2025-07-15T13:19:56 IST" skipped="0">
  <testcase classname="AshpakShaikh_Automation.tests.ErrorValidationTest" name="errorValidation" time="2.659"/>
  <testcase classname="AshpakShaikh_Automation.tests.ErrorValidationTest" name="productErrorValidation" time="3.839"/>
</testsuite> <!-- AshpakShaikh_Automation.tests.ErrorValidationTest -->
