<?xml version="1.0" encoding="UTF-8"?>
<!-- Generated by org.testng.reporters.JUnitReportReporter -->
<testsuite hostname="Ashfaq" failures="0" tests="2" name="AshpakShaikh_Automation.tests.SubmitOrderTest" time="7.758" errors="0" timestamp="2025-07-15T19:45:43 IST" skipped="0">
  <testcase classname="AshpakShaikh_Automation.tests.SubmitOrderTest" name="orderHistoryTest" time="1.651"/>
  <testcase classname="AshpakShaikh_Automation.tests.SubmitOrderTest" name="submitOrder" time="6.107"/>
</testsuite> <!-- AshpakShaikh_Automation.tests.SubmitOrderTest -->
